<?xml version="1.0" encoding="UTF-8"?>
<!-- Generated by org.testng.reporters.JUnitReportReporter -->
<testsuite hostname="D3-Cihal" name="com.d3.endToEnd.D3AutomationDemo" tests="24" failures="0" timestamp="8 Jan 2015 21:31:14 GMT" time="53.139" errors="0">
  <testcase name="verifyHomepageTitle" time="5.377" classname="com.d3.endToEnd.D3AutomationDemo"/>
  <testcase name="verifyTransactionsButton" time="0.440" classname="com.d3.endToEnd.D3AutomationDemo"/>
  <testcase name="verifyPlanButton" time="2.808" classname="com.d3.endToEnd.D3AutomationDemo"/>
  <testcase name="verifySecretQuestion" time="6.049" classname="com.d3.endToEnd.D3AutomationDemo"/>
  <testcase name="verifyAccountsButton" time="1.175" classname="com.d3.endToEnd.D3AutomationDemo"/>
  <testcase name="verifyHelpButton" time="0.859" classname="com.d3.endToEnd.D3AutomationDemo"/>
  <testcase name="verifyPlanButton" time="2.997" classname="com.d3.endToEnd.D3AutomationDemo"/>
  <testcase name="verifyInvalidLogin" time="2.367" classname="com.d3.endToEnd.D3AutomationDemo"/>
  <testcase name="verifyValidLogin" time="0.438" classname="com.d3.endToEnd.D3AutomationDemo"/>
  <testcase name="verifyTransactionsButton" time="0.406" classname="com.d3.endToEnd.D3AutomationDemo"/>
  <testcase name="verifyHomepageTitle" time="7.316" classname="com.d3.endToEnd.D3AutomationDemo"/>
  <testcase name="verifyMoneyMovementButton" time="2.680" classname="com.d3.endToEnd.D3AutomationDemo"/>
  <testcase name="verifyPlanningButton" time="2.687" classname="com.d3.endToEnd.D3AutomationDemo"/>
  <testcase name="verifySettingsButton" time="0.680" classname="com.d3.endToEnd.D3AutomationDemo"/>
  <testcase name="verifySettingsButton" time="0.877" classname="com.d3.endToEnd.D3AutomationDemo"/>
  <testcase name="verifyHelpButton" time="0.794" classname="com.d3.endToEnd.D3AutomationDemo"/>
  <testcase name="verifyAccountsButton" time="1.400" classname="com.d3.endToEnd.D3AutomationDemo"/>
  <testcase name="verifyPlanningButton" time="2.668" classname="com.d3.endToEnd.D3AutomationDemo"/>
  <testcase name="verifyMessagesButton" time="0.779" classname="com.d3.endToEnd.D3AutomationDemo"/>
  <testcase name="verifyValidLogin" time="0.442" classname="com.d3.endToEnd.D3AutomationDemo"/>
  <testcase name="verifyMoneyMovementButton" time="2.284" classname="com.d3.endToEnd.D3AutomationDemo"/>
  <testcase name="verifyInvalidLogin" time="2.351" classname="com.d3.endToEnd.D3AutomationDemo"/>
  <testcase name="verifySecretQuestion" time="4.096" classname="com.d3.endToEnd.D3AutomationDemo"/>
  <testcase name="verifyMessagesButton" time="1.169" classname="com.d3.endToEnd.D3AutomationDemo"/>
</testsuite> <!-- com.d3.endToEnd.D3AutomationDemo -->
