<?xml version="1.0" encoding="UTF-8"?>
<!-- Generated by org.testng.reporters.JUnitReportReporter -->
<testsuite hostname="D3-Cihal" name="com.d3.endToEnd.QuickPayPaymentCurrentDate" tests="1" failures="0" timestamp="6 Jan 2015 20:56:34 GMT" time="15.438" errors="0">
  <testcase name="verifyQuickPayCurrentDate" time="15.438" classname="com.d3.endToEnd.QuickPayPaymentCurrentDate"/>
</testsuite> <!-- com.d3.endToEnd.QuickPayPaymentCurrentDate -->
