<?xml version="1.0" encoding="UTF-8"?>
<!-- Generated by org.testng.reporters.JUnitReportReporter -->
<testsuite hostname="D3-Cihal" name="com.d3.accounts.asset.lookAndFeel" tests="4" failures="0" timestamp="6 Jan 2015 20:31:46 GMT" time="17.845" errors="0">
  <testcase name="verifyInvalidLogin" time="15.496" classname="com.d3.accounts.asset.lookAndFeel"/>
  <testcase name="verifySecretQuestion" time="2.147" classname="com.d3.accounts.asset.lookAndFeel"/>
  <testcase name="verifyHomepageTitle" time="0.014" classname="com.d3.accounts.asset.lookAndFeel"/>
  <testcase name="verifyValidLogin" time="0.188" classname="com.d3.accounts.asset.lookAndFeel"/>
</testsuite> <!-- com.d3.accounts.asset.lookAndFeel -->
