<?xml version="1.0" encoding="UTF-8"?>
<!-- Generated by org.testng.reporters.JUnitReportReporter -->
<testsuite hostname="D3-Cihal" name="com.d3.endToEnd.D3AutomationDemo" tests="12" failures="0" timestamp="6 Jan 2015 20:31:46 GMT" time="15.971" errors="0">
  <testcase name="verifyPlanningButton" time="1.397" classname="com.d3.endToEnd.D3AutomationDemo"/>
  <testcase name="verifySecretQuestion" time="2.231" classname="com.d3.endToEnd.D3AutomationDemo"/>
  <testcase name="verifyTransactionsButton" time="0.205" classname="com.d3.endToEnd.D3AutomationDemo"/>
  <testcase name="verifySettingsButton" time="0.274" classname="com.d3.endToEnd.D3AutomationDemo"/>
  <testcase name="verifyPlanButton" time="0.245" classname="com.d3.endToEnd.D3AutomationDemo"/>
  <testcase name="verifyHomepageTitle" time="0.009" classname="com.d3.endToEnd.D3AutomationDemo"/>
  <testcase name="verifyMoneyMovementButton" time="1.121" classname="com.d3.endToEnd.D3AutomationDemo"/>
  <testcase name="verifyHelpButton" time="0.305" classname="com.d3.endToEnd.D3AutomationDemo"/>
  <testcase name="verifyInvalidLogin" time="8.605" classname="com.d3.endToEnd.D3AutomationDemo"/>
  <testcase name="verifyValidLogin" time="0.188" classname="com.d3.endToEnd.D3AutomationDemo"/>
  <testcase name="verifyAccountsButton" time="1.219" classname="com.d3.endToEnd.D3AutomationDemo"/>
  <testcase name="verifyMessagesButton" time="0.172" classname="com.d3.endToEnd.D3AutomationDemo"/>
</testsuite> <!-- com.d3.endToEnd.D3AutomationDemo -->
